<?xml version="1.0" encoding="UTF-8"?>
<!-- Generated by org.testng.reporters.JUnitReportReporter -->
<testsuite skipped="0" hostname="DESKTOP-FG4NO16" name="com.sgtesting.actitime.Assignment7" tests="5" failures="0" timestamp="2021-03-08T19:05:21 IST" time="55.300" errors="0">
  <testcase name="bbcreateCustomer" time="12.219" classname="com.sgtesting.actitime.Assignment7"/>
  <system-out/>
  <testcase name="eeDeleteCustomer" time="12.203" classname="com.sgtesting.actitime.Assignment7"/>
  <system-out/>
  <testcase name="ccCreateProject" time="12.214" classname="com.sgtesting.actitime.Assignment7"/>
  <system-out/>
  <testcase name="ddDeleteProject" time="12.181" classname="com.sgtesting.actitime.Assignment7"/>
  <system-out/>
  <testcase name="aaLogin" time="6.483" classname="com.sgtesting.actitime.Assignment7"/>
  <system-out/>
</testsuite> <!-- com.sgtesting.actitime.Assignment7 -->
