<?xml version="1.0" encoding="UTF-8"?>
<!-- Generated by org.testng.reporters.JUnitReportReporter -->
<testsuite skipped="0" hostname="DESKTOP-FG4NO16" name="com.sgtesting.actitime.Assignment3" tests="4" failures="0" timestamp="2021-03-08T19:05:21 IST" time="38.307" errors="0">
  <testcase name="CC_ModifyUser" time="0.044" classname="com.sgtesting.actitime.Assignment3"/>
  <system-out/>
  <testcase name="BB_createUser" time="17.583" classname="com.sgtesting.actitime.Assignment3"/>
  <system-out/>
  <testcase name="AA_Login" time="8.390" classname="com.sgtesting.actitime.Assignment3"/>
  <system-out/>
  <testcase name="DD_DeleteUser" time="12.290" classname="com.sgtesting.actitime.Assignment3"/>
  <system-out/>
</testsuite> <!-- com.sgtesting.actitime.Assignment3 -->
