<?xml version="1.0" encoding="UTF-8"?>
<!-- Generated by org.testng.reporters.JUnitReportReporter -->
<testsuite skipped="0" hostname="DESKTOP-FG4NO16" name="com.sgtesting.actitime.Assingment1" tests="6" failures="0" timestamp="2021-03-08T19:05:21 IST" time="42.914" errors="0">
  <testcase name="C_login" time="13.507" classname="com.sgtesting.actitime.Assingment1"/>
  <system-out/>
  <testcase name="B_navigate" time="3.503" classname="com.sgtesting.actitime.Assingment1"/>
  <system-out/>
  <testcase name="F_DeleteUser" time="0.036" classname="com.sgtesting.actitime.Assingment1"/>
  <system-out/>
  <testcase name="E_modifyUser" time="1.250" classname="com.sgtesting.actitime.Assingment1"/>
  <system-out/>
  <testcase name="D_createUser" time="23.478" classname="com.sgtesting.actitime.Assingment1"/>
  <system-out/>
  <testcase name="G_logout" time="1.140" classname="com.sgtesting.actitime.Assingment1"/>
  <system-out/>
</testsuite> <!-- com.sgtesting.actitime.Assingment1 -->
