<?xml version="1.0" encoding="UTF-8"?>
<!-- Generated by org.testng.reporters.JUnitReportReporter -->
<testsuite skipped="0" hostname="DESKTOP-FG4NO16" name="com.sgtesting.actitime.Assignment5" tests="3" failures="0" timestamp="2021-03-08T19:05:21 IST" time="30.478" errors="0">
  <testcase name="ccDeleteCustomer" time="8.420" classname="com.sgtesting.actitime.Assignment5"/>
  <system-out/>
  <testcase name="bbcreateCustomer" time="13.420" classname="com.sgtesting.actitime.Assignment5"/>
  <system-out/>
  <testcase name="aaLogin" time="8.638" classname="com.sgtesting.actitime.Assignment5"/>
  <system-out/>
</testsuite> <!-- com.sgtesting.actitime.Assignment5 -->
