<?xml version="1.0" encoding="UTF-8"?>
<!-- Generated by org.testng.reporters.JUnitReportReporter -->
<testsuite skipped="0" hostname="DESKTOP-FG4NO16" name="com.sgtesting.actitime.Assignment4" tests="4" failures="0" timestamp="2021-03-08T19:05:21 IST" time="19.266" errors="0">
  <testcase name="aLogin" time="8.408" classname="com.sgtesting.actitime.Assignment4"/>
  <system-out/>
  <testcase name="bcreateCustomer" time="10.799" classname="com.sgtesting.actitime.Assignment4"/>
  <system-out/>
  <testcase name="dDeleteCustomer" time="0.030" classname="com.sgtesting.actitime.Assignment4"/>
  <system-out/>
  <testcase name="cModifyCustomer" time="0.029" classname="com.sgtesting.actitime.Assignment4"/>
  <system-out/>
</testsuite> <!-- com.sgtesting.actitime.Assignment4 -->
