<?xml version="1.0" encoding="UTF-8"?>
<!-- Generated by org.testng.reporters.JUnitReportReporter -->
<testsuite skipped="0" hostname="DESKTOP-FG4NO16" name="com.sgtesting.actitime.Assignment2" tests="3" failures="0" timestamp="2021-03-08T19:05:21 IST" time="38.995" errors="0">
  <testcase name="AA_Login" time="8.337" classname="com.sgtesting.actitime.Assignment2"/>
  <system-out/>
  <testcase name="BB_createUser" time="18.370" classname="com.sgtesting.actitime.Assignment2"/>
  <system-out/>
  <testcase name="CC_DeleteUser" time="12.288" classname="com.sgtesting.actitime.Assignment2"/>
  <system-out/>
</testsuite> <!-- com.sgtesting.actitime.Assignment2 -->
