<?xml version="1.0" encoding="UTF-8"?>
<!-- Generated by org.testng.reporters.JUnitReportReporter -->
<testsuite skipped="0" hostname="DESKTOP-FG4NO16" name="com.sgtesting.actitime.Assignment6" tests="5" failures="0" timestamp="2021-03-08T19:05:21 IST" time="43.324" errors="0">
  <testcase name="bcreateCustomer" time="11.254" classname="com.sgtesting.actitime.Assignment6"/>
  <system-out/>
  <testcase name="eDeleteCustomer" time="8.500" classname="com.sgtesting.actitime.Assignment6"/>
  <system-out/>
  <testcase name="aLogin" time="6.434" classname="com.sgtesting.actitime.Assignment6"/>
  <system-out/>
  <testcase name="cCreateProject" time="8.489" classname="com.sgtesting.actitime.Assignment6"/>
  <system-out/>
  <testcase name="dDeleteProject" time="8.647" classname="com.sgtesting.actitime.Assignment6"/>
  <system-out/>
</testsuite> <!-- com.sgtesting.actitime.Assignment6 -->
