<?xml version="1.0" encoding="UTF-8"?>
<!-- Generated by org.testng.reporters.JUnitReportReporter -->
<testsuite skipped="0" hostname="DESKTOP-FG4NO16" name="com.sgtesting.actitime.driverscript.DriverScript" tests="1" failures="0" timestamp="2021-01-24T14:22:47 IST" time="178.310" errors="0">
  <testcase name="executeTestScenarios" time="178.310" classname="com.sgtesting.actitime.driverscript.DriverScript"/>
  <system-out/>
</testsuite> <!-- com.sgtesting.actitime.driverscript.DriverScript -->
